<?xml version="1.0" encoding="UTF-8"?>
<!-- Generated by org.testng.reporters.JUnitReportReporter -->
<testsuite hostname="DESKTOP-59EA1U5" failures="0" tests="2" name="TestCases.TestCase1" time="35.958" errors="0" timestamp="2022-10-13T18:01:09 ART" skipped="0">
  <testcase classname="TestCases.TestCase1" name="contactUs" time="17.125"/>
  <system-out/>
  <testcase classname="TestCases.TestCase1" name="contactUs" time="18.833"/>
  <system-out/>
</testsuite> <!-- TestCases.TestCase1 -->
