<?xml version="1.0" encoding="UTF-8"?>
<!-- Generated by org.testng.reporters.JUnitReportReporter -->
<testsuite hostname="DESKTOP-59EA1U5" failures="0" tests="2" name="TestCases.TestCase1" time="35.874" errors="0" timestamp="2022-10-18T10:24:43 ART" skipped="0">
  <testcase classname="TestCases.TestCase1" name="contactUs" time="18.311"/>
  <system-out/>
  <testcase classname="TestCases.TestCase1" name="contactUs" time="17.563"/>
  <system-out/>
</testsuite> <!-- TestCases.TestCase1 -->
