<?xml version="1.0" encoding="UTF-8"?>
<!-- Generated by org.testng.reporters.JUnitReportReporter -->
<testsuite hostname="DESKTOP-59EA1U5" failures="0" tests="2" name="TestCases.TestCase3" time="0.021" errors="0" timestamp="2022-10-18T23:29:36 ART" skipped="0">
  <testcase classname="TestCases.TestCase3" name="company" time="0.002"/>
  <system-out/>
  <testcase classname="TestCases.TestCase3" name="company" time="0.019"/>
  <system-out/>
</testsuite> <!-- TestCases.TestCase3 -->
