<?xml version="1.0" encoding="UTF-8"?>
<!-- Generated by org.testng.reporters.JUnitReportReporter -->
<testsuite hostname="DESKTOP-59EA1U5" failures="0" tests="1" name="TestCases.TestCase2" time="14.931" errors="0" timestamp="2022-10-13T15:03:41 ART" skipped="0">
  <testcase classname="TestCases.TestCase2" name="company" time="14.931"/>
  <system-out/>
</testsuite> <!-- TestCases.TestCase2 -->
